<?xml version="1.0" encoding="UTF-8"?>
<!-- Generated by org.testng.reporters.JUnitReportReporter -->
<testsuite skipped="0" hostname="QAP26-PC" name="TestScripts.TC_2AddEmployee" tests="1" failures="0" timestamp="14 Jun 2018 13:09:18 GMT" time="25.134" errors="0">
  <testcase name="tc2" time="25.134" classname="TestScripts.TC_2AddEmployee"/>
</testsuite> <!-- TestScripts.TC_2AddEmployee -->
