<?xml version="1.0" encoding="UTF-8"?>
<!-- Generated by org.testng.reporters.JUnitReportReporter -->
<testsuite skipped="0" hostname="QAP26-PC" name="TestScripts.TC8" tests="1" failures="0" timestamp="12 Jun 2018 06:55:16 GMT" time="34.743" errors="0">
  <testcase name="DelteMultipleLocations" time="34.743" classname="TestScripts.TC8"/>
</testsuite> <!-- TestScripts.TC8 -->
