<?xml version="1.0" encoding="UTF-8"?>
<!-- Generated by org.testng.reporters.JUnitReportReporter -->
<testsuite skipped="0" hostname="QAP26-PC" name="TestScripts.TC1" tests="1" failures="0" timestamp="09 Jun 2018 07:10:14 GMT" time="16.340" errors="0">
  <testcase name="tc" time="16.340" classname="TestScripts.TC1"/>
</testsuite> <!-- TestScripts.TC1 -->
