<?xml version="1.0" encoding="UTF-8"?>
<!-- Generated by org.testng.reporters.JUnitReportReporter -->
<testsuite skipped="0" hostname="QAP26-PC" name="TestScripts.TC_1VerifyOrangeHRM" tests="1" failures="0" timestamp="14 Jun 2018 13:09:18 GMT" time="16.618" errors="0">
  <testcase name="tc" time="16.618" classname="TestScripts.TC_1VerifyOrangeHRM"/>
</testsuite> <!-- TestScripts.TC_1VerifyOrangeHRM -->
