<?xml version="1.0" encoding="UTF-8"?>
<!-- Generated by org.testng.reporters.JUnitReportReporter -->
<testsuite skipped="0" hostname="QAP26-PC" name="ElementLocaters.jxlfile" tests="1" failures="0" timestamp="14 Jun 2018 10:31:51 GMT" time="0.146" errors="0">
  <testcase name="jxlFile" time="0.146" classname="ElementLocaters.jxlfile"/>
</testsuite> <!-- ElementLocaters.jxlfile -->
