<?xml version="1.0" encoding="UTF-8"?>
<!-- Generated by org.testng.reporters.JUnitReportReporter -->
<testsuite skipped="0" hostname="QAP26-PC" name="TestScripts.TC6" tests="1" failures="0" timestamp="11 Jun 2018 09:18:30 GMT" time="22.555" errors="0">
  <testcase name="ALocation" time="22.555" classname="TestScripts.TC6"/>
</testsuite> <!-- TestScripts.TC6 -->
