<?xml version="1.0" encoding="UTF-8"?>
<!-- Generated by org.testng.reporters.JUnitReportReporter -->
<testsuite skipped="0" hostname="QAP26-PC" name="TestScripts.TC_17DeleteEducation" tests="1" failures="0" timestamp="14 Jun 2018 11:07:05 GMT" time="19.529" errors="0">
  <testcase name="DeleteEduction" time="19.529" classname="TestScripts.TC_17DeleteEducation"/>
</testsuite> <!-- TestScripts.TC_17DeleteEducation -->
